<?xml version="1.0" encoding="UTF-8"?>
<!-- Generated by org.testng.reporters.JUnitReportReporter -->
<testsuite hostname="Srinivasulu" failures="0" tests="3" name="com.guru99bank.qa.testcases.LoginPageTest" time="16.408" errors="0" timestamp="2022-03-14T00:32:04 GMT-07:00" skipped="0">
  <testcase classname="com.guru99bank.qa.testcases.LoginPageTest" name="validateTitle" time="4.324"/>
  <system-out/>
  <testcase classname="com.guru99bank.qa.testcases.LoginPageTest" name="validateLogo" time="6.157"/>
  <system-out/>
  <testcase classname="com.guru99bank.qa.testcases.LoginPageTest" name="loginToApp" time="5.927"/>
  <system-out/>
</testsuite> <!-- com.guru99bank.qa.testcases.LoginPageTest -->
