<?xml version="1.0" encoding="UTF-8"?>
<!-- Generated by org.testng.reporters.JUnitReportReporter -->
<testsuite hostname="Srinivasulu" failures="0" tests="2" name="com.guru99bank.qa.testcases.HomePageTest" time="13.603" errors="0" timestamp="2022-03-14T00:32:04 GMT-07:00" skipped="0">
  <testcase classname="com.guru99bank.qa.testcases.HomePageTest" name="validateHomePageLogo" time="5.894"/>
  <system-out/>
  <testcase classname="com.guru99bank.qa.testcases.HomePageTest" name="navigateToDeleteCustomerPage" time="7.709"/>
  <system-out/>
</testsuite> <!-- com.guru99bank.qa.testcases.HomePageTest -->
