<?xml version="1.0" encoding="UTF-8"?>
<!-- Generated by org.testng.reporters.JUnitReportReporter -->
<testsuite hostname="Srinivasulu" failures="0" tests="1" name="com.guru99bank.qa.testcases.DeleteCustomerTest" time="8.302" errors="0" timestamp="2022-03-14T00:32:04 GMT-07:00" skipped="0">
  <testcase classname="com.guru99bank.qa.testcases.DeleteCustomerTest" name="deletingCustomer" time="8.302"/>
  <system-out/>
</testsuite> <!-- com.guru99bank.qa.testcases.DeleteCustomerTest -->
